  [4;36;1mSQL (0.4ms)[0m   [0;1m SELECT name
 FROM sqlite_master
 WHERE type = 'table' AND NOT name = 'sqlite_sequence'
[0m
  [4;35;1mSQL (0.2ms)[0m   [0mselect sqlite_version(*)[0m
  [4;36;1mSQL (5.8ms)[0m   [0;1mCREATE TABLE "schema_migrations" ("version" varchar(255) NOT NULL) [0m
  [4;35;1mSQL (3.6ms)[0m   [0mCREATE UNIQUE INDEX "unique_schema_migrations" ON "schema_migrations" ("version")[0m
  [4;36;1mSQL (0.2ms)[0m   [0;1m SELECT name
 FROM sqlite_master
 WHERE type = 'table' AND NOT name = 'sqlite_sequence'
[0m
  [4;35;1mSQL (0.1ms)[0m   [0mSELECT version FROM schema_migrations[0m
Migrating to CreateUsers (20090511164431)
  [4;36;1mSQL (0.5ms)[0m   [0;1mCREATE TABLE "users" ("id" INTEGER PRIMARY KEY AUTOINCREMENT NOT NULL, "name" varchar(255), "login" varchar(255), "password" varchar(255), "email" varchar(255), "created_at" datetime, "updated_at" datetime) [0m
  [4;35;1mSQL (0.1ms)[0m   [0mINSERT INTO schema_migrations (version) VALUES ('20090511164431')[0m
Migrating to CreateContacts (20090511164609)
  [4;36;1mSQL (0.5ms)[0m   [0;1mCREATE TABLE "contacts" ("id" INTEGER PRIMARY KEY AUTOINCREMENT NOT NULL, "name" varchar(255), "since" date, "email" varchar(255), "email1" varchar(255), "email2" varchar(255), "home_page" varchar(255), "description" text, "address" varchar(255), "address2" varchar(255), "company_id" integer, "created_at" datetime, "updated_at" datetime) [0m
  [4;35;1mSQL (0.2ms)[0m   [0mINSERT INTO schema_migrations (version) VALUES ('20090511164609')[0m
Migrating to CreateCompanies (20090511164806)
  [4;36;1mSQL (0.6ms)[0m   [0;1mCREATE TABLE "companies" ("id" INTEGER PRIMARY KEY AUTOINCREMENT NOT NULL, "name" varchar(255), "address" varchar(255), "home_page" varchar(255), "main_contact_id" integer, "owner_id" integer, "created_at" datetime, "updated_at" datetime) [0m
  [4;35;1mSQL (0.1ms)[0m   [0mINSERT INTO schema_migrations (version) VALUES ('20090511164806')[0m
Migrating to CreateEvents (20090511164850)
  [4;36;1mSQL (0.4ms)[0m   [0;1mCREATE TABLE "events" ("id" INTEGER PRIMARY KEY AUTOINCREMENT NOT NULL, "title" varchar(255), "description" text, "contact_id" integer, "company_id" integer, "created_at" datetime, "updated_at" datetime) [0m
  [4;35;1mSQL (0.1ms)[0m   [0mINSERT INTO schema_migrations (version) VALUES ('20090511164850')[0m
  [4;36;1mSQL (0.5ms)[0m   [0;1m SELECT name
 FROM sqlite_master
 WHERE type = 'table' AND NOT name = 'sqlite_sequence'
[0m
  [4;35;1mSQL (0.3ms)[0m   [0mSELECT version FROM schema_migrations[0m
  [4;36;1mSQL (0.4ms)[0m   [0;1m SELECT name
 FROM sqlite_master
 WHERE type = 'table' AND NOT name = 'sqlite_sequence'
[0m
  [4;35;1mSQL (12.8ms)[0m   [0mPRAGMA index_list("companies")[0m
  [4;36;1mSQL (0.2ms)[0m   [0;1mPRAGMA index_list("contacts")[0m
  [4;35;1mSQL (0.1ms)[0m   [0mPRAGMA index_list("events")[0m
  [4;36;1mSQL (0.1ms)[0m   [0;1mPRAGMA index_list("users")[0m
  [4;36;1mSQL (0.2ms)[0m   [0;1mSET NAMES 'utf8'[0m
  [4;35;1mSQL (0.2ms)[0m   [0mSET SQL_AUTO_IS_NULL=0[0m
  [4;36;1mSQL (0.4ms)[0m   [0;1mSHOW TABLES[0m
  [4;35;1mSQL (112.4ms)[0m   [0mCREATE TABLE `schema_migrations` (`version` varchar(255) NOT NULL) ENGINE=InnoDB[0m
  [4;36;1mSQL (74.6ms)[0m   [0;1mCREATE UNIQUE INDEX `unique_schema_migrations` ON `schema_migrations` (`version`)[0m
  [4;35;1mSQL (0.4ms)[0m   [0mSHOW TABLES[0m
  [4;36;1mSQL (1.1ms)[0m   [0;1mSELECT version FROM schema_migrations[0m
Migrating to CreateUsers (20090511164431)
  [4;35;1mSQL (3.2ms)[0m   [0mCREATE TABLE `users` (`id` int(11) DEFAULT NULL auto_increment PRIMARY KEY, `name` varchar(255), `login` varchar(255), `password` varchar(255), `email` varchar(255), `created_at` datetime, `updated_at` datetime) ENGINE=InnoDB[0m
  [4;36;1mSQL (17.9ms)[0m   [0;1mINSERT INTO schema_migrations (version) VALUES ('20090511164431')[0m
Migrating to CreateContacts (20090511164609)
  [4;35;1mSQL (3.4ms)[0m   [0mCREATE TABLE `contacts` (`id` int(11) DEFAULT NULL auto_increment PRIMARY KEY, `name` varchar(255), `since` date, `email` varchar(255), `email1` varchar(255), `email2` varchar(255), `home_page` varchar(255), `description` text, `address` varchar(255), `address2` varchar(255), `company_id` int(11), `created_at` datetime, `updated_at` datetime) ENGINE=InnoDB[0m
  [4;36;1mSQL (0.7ms)[0m   [0;1mINSERT INTO schema_migrations (version) VALUES ('20090511164609')[0m
Migrating to CreateCompanies (20090511164806)
  [4;35;1mSQL (14.5ms)[0m   [0mCREATE TABLE `companies` (`id` int(11) DEFAULT NULL auto_increment PRIMARY KEY, `name` varchar(255), `address` varchar(255), `home_page` varchar(255), `main_contact_id` int(11), `owner_id` int(11), `created_at` datetime, `updated_at` datetime) ENGINE=InnoDB[0m
  [4;36;1mSQL (0.7ms)[0m   [0;1mINSERT INTO schema_migrations (version) VALUES ('20090511164806')[0m
Migrating to CreateEvents (20090511164850)
  [4;35;1mSQL (3.1ms)[0m   [0mCREATE TABLE `events` (`id` int(11) DEFAULT NULL auto_increment PRIMARY KEY, `title` varchar(255), `description` text, `contact_id` int(11), `company_id` int(11), `created_at` datetime, `updated_at` datetime) ENGINE=InnoDB[0m
  [4;36;1mSQL (0.7ms)[0m   [0;1mINSERT INTO schema_migrations (version) VALUES ('20090511164850')[0m
Migrating to Security (20090515172624)
  [4;35;1mSQL (12.4ms)[0m   [0mALTER TABLE `users` DROP `password`[0m
  [4;36;1mSQL (5.6ms)[0m   [0;1mALTER TABLE `users` ADD `crypted_password` varchar(40)[0m
  [4;35;1mSQL (5.2ms)[0m   [0mALTER TABLE `companies` ADD `creator_id` int(11)[0m
  [4;36;1mSQL (4.9ms)[0m   [0;1mALTER TABLE `companies` ADD `changer_id` int(11)[0m
  [4;35;1mSQL (22.3ms)[0m   [0mALTER TABLE `contacts` ADD `creator_id` int(11)[0m
  [4;36;1mSQL (14.1ms)[0m   [0;1mALTER TABLE `contacts` ADD `changer_id` int(11)[0m
  [4;35;1mSQL (5.2ms)[0m   [0mALTER TABLE `events` ADD `creator_id` int(11)[0m
  [4;36;1mSQL (9.3ms)[0m   [0;1mALTER TABLE `events` ADD `changer_id` int(11)[0m
  [4;35;1mSQL (0.7ms)[0m   [0mINSERT INTO schema_migrations (version) VALUES ('20090515172624')[0m
Migrating to PolimorphicColumns (20090519145440)
  [4;36;1mSQL (303.0ms)[0m   [0;1mALTER TABLE `companies` ADD `creator_type` varchar(255)[0m
  [4;35;1mSQL (8.7ms)[0m   [0mALTER TABLE `companies` ADD `changer_type` varchar(255)[0m
  [4;36;1mSQL (31.6ms)[0m   [0;1mALTER TABLE `contacts` ADD `creator_type` varchar(255)[0m
  [4;35;1mSQL (9.5ms)[0m   [0mALTER TABLE `contacts` ADD `changer_type` varchar(255)[0m
  [4;36;1mSQL (16.1ms)[0m   [0;1mALTER TABLE `events` ADD `creator_type` varchar(255)[0m
  [4;35;1mSQL (13.1ms)[0m   [0mALTER TABLE `events` ADD `changer_type` varchar(255)[0m
  [4;36;1mSQL (0.8ms)[0m   [0;1mINSERT INTO schema_migrations (version) VALUES ('20090519145440')[0m
  [4;35;1mSQL (2.8ms)[0m   [0mSHOW TABLES[0m
  [4;36;1mSQL (0.2ms)[0m   [0;1mSELECT version FROM schema_migrations[0m
  [4;35;1mSQL (0.2ms)[0m   [0mSHOW TABLES[0m
  [4;36;1mSQL (90.2ms)[0m   [0;1mSHOW FIELDS FROM `companies`[0m
  [4;35;1mSQL (0.9ms)[0m   [0mdescribe `companies`[0m
  [4;36;1mSQL (0.3ms)[0m   [0;1mSHOW KEYS FROM `companies`[0m
  [4;35;1mSQL (1.0ms)[0m   [0mSHOW FIELDS FROM `contacts`[0m
  [4;36;1mSQL (0.9ms)[0m   [0;1mdescribe `contacts`[0m
  [4;35;1mSQL (0.3ms)[0m   [0mSHOW KEYS FROM `contacts`[0m
  [4;36;1mSQL (0.7ms)[0m   [0;1mSHOW FIELDS FROM `events`[0m
  [4;35;1mSQL (0.7ms)[0m   [0mdescribe `events`[0m
  [4;36;1mSQL (0.3ms)[0m   [0;1mSHOW KEYS FROM `events`[0m
  [4;35;1mSQL (0.6ms)[0m   [0mSHOW FIELDS FROM `users`[0m
  [4;36;1mSQL (0.6ms)[0m   [0;1mdescribe `users`[0m
  [4;35;1mSQL (0.3ms)[0m   [0mSHOW KEYS FROM `users`[0m
